INFO:telethon.network.mtprotosender:Connecting to 149.154.167.51:443/TcpFull...
INFO:telethon.network.mtprotosender:Connection to 149.154.167.51:443/TcpFull complete!
INFO:telethon.client.users:Phone migrated to 4
INFO:telethon.client.telegrambaseclient:Reconnecting to new data center 4
INFO:telethon.network.mtprotosender:Disconnecting from 149.154.167.51:443/TcpFull...
INFO:telethon.network.mtprotosender:Disconnection from 149.154.167.51:443/TcpFull complete!
INFO:telethon.network.mtprotosender:Connecting to 149.154.167.91:443/TcpFull...
INFO:telethon.network.mtprotosender:Connection to 149.154.167.91:443/TcpFull complete!
INFO:root:Scraping lobelia4cosmetics
INFO:telethon.client.downloads:Starting direct file download in chunks of 131072 at 0, stride 131072
INFO:telethon.client.downloads:Starting direct file download in chunks of 131072 at 0, stride 131072
INFO:telethon.client.downloads:Starting direct file download in chunks of 131072 at 0, stride 131072
INFO:telethon.client.downloads:Starting direct file download in chunks of 131072 at 0, stride 131072
INFO:telethon.client.downloads:Starting direct file download in chunks of 131072 at 0, stride 131072
INFO:telethon.client.downloads:Starting direct file download in chunks of 131072 at 0, stride 131072
INFO:telethon.client.downloads:Starting direct file download in chunks of 131072 at 0, stride 131072
INFO:telethon.client.downloads:Starting direct file download in chunks of 131072 at 0, stride 131072
INFO:telethon.client.downloads:Starting direct file download in chunks of 131072 at 0, stride 131072
INFO:telethon.client.downloads:Starting direct file download in chunks of 131072 at 0, stride 131072
INFO:telethon.client.downloads:Starting direct file download in chunks of 131072 at 0, stride 131072
INFO:telethon.client.downloads:Starting direct file download in chunks of 131072 at 0, stride 131072
INFO:telethon.client.downloads:Starting direct file download in chunks of 131072 at 0, stride 131072
INFO:telethon.client.downloads:Starting direct file download in chunks of 131072 at 0, stride 131072
INFO:telethon.client.downloads:Starting direct file download in chunks of 131072 at 0, stride 131072
INFO:telethon.client.downloads:Starting direct file download in chunks of 131072 at 0, stride 131072
INFO:telethon.client.downloads:Starting direct file download in chunks of 131072 at 0, stride 131072
INFO:telethon.client.downloads:Starting direct file download in chunks of 131072 at 0, stride 131072
INFO:telethon.client.downloads:Starting direct file download in chunks of 131072 at 0, stride 131072
INFO:telethon.client.downloads:Starting direct file download in chunks of 131072 at 0, stride 131072
INFO:telethon.client.downloads:Starting direct file download in chunks of 131072 at 0, stride 131072
INFO:telethon.client.downloads:Starting direct file download in chunks of 131072 at 0, stride 131072
INFO:telethon.client.downloads:Starting direct file download in chunks of 131072 at 0, stride 131072
INFO:telethon.client.downloads:Starting direct file download in chunks of 131072 at 0, stride 131072
INFO:telethon.client.downloads:Starting direct file download in chunks of 131072 at 0, stride 131072
INFO:telethon.client.downloads:Starting direct file download in chunks of 131072 at 0, stride 131072
INFO:telethon.client.downloads:Starting direct file download in chunks of 131072 at 0, stride 131072
INFO:telethon.client.downloads:Starting direct file download in chunks of 131072 at 0, stride 131072
INFO:telethon.client.downloads:Starting direct file download in chunks of 131072 at 0, stride 131072
INFO:telethon.client.downloads:Starting direct file download in chunks of 131072 at 0, stride 131072
INFO:telethon.client.downloads:Starting direct file download in chunks of 131072 at 0, stride 131072
INFO:telethon.client.downloads:Starting direct file download in chunks of 131072 at 0, stride 131072
INFO:telethon.client.downloads:Starting direct file download in chunks of 131072 at 0, stride 131072
INFO:telethon.client.downloads:Starting direct file download in chunks of 131072 at 0, stride 131072
INFO:telethon.client.downloads:Starting direct file download in chunks of 131072 at 0, stride 131072
INFO:telethon.client.downloads:Starting direct file download in chunks of 131072 at 0, stride 131072
INFO:telethon.client.downloads:Starting direct file download in chunks of 131072 at 0, stride 131072
INFO:telethon.client.downloads:Starting direct file download in chunks of 131072 at 0, stride 131072
INFO:telethon.client.downloads:Starting direct file download in chunks of 131072 at 0, stride 131072
INFO:telethon.client.downloads:Starting direct file download in chunks of 131072 at 0, stride 131072
INFO:telethon.client.downloads:Starting direct file download in chunks of 131072 at 0, stride 131072
INFO:telethon.client.downloads:Starting direct file download in chunks of 131072 at 0, stride 131072
INFO:telethon.client.downloads:Starting direct file download in chunks of 131072 at 0, stride 131072
INFO:telethon.client.downloads:Starting direct file download in chunks of 131072 at 0, stride 131072
INFO:telethon.client.downloads:Starting direct file download in chunks of 131072 at 0, stride 131072
INFO:telethon.client.downloads:Starting direct file download in chunks of 131072 at 0, stride 131072
INFO:telethon.client.downloads:Starting direct file download in chunks of 131072 at 0, stride 131072
INFO:telethon.client.downloads:Starting direct file download in chunks of 131072 at 0, stride 131072
INFO:telethon.client.downloads:Starting direct file download in chunks of 131072 at 0, stride 131072
INFO:telethon.client.downloads:Starting direct file download in chunks of 131072 at 0, stride 131072
INFO:telethon.client.downloads:Starting direct file download in chunks of 131072 at 0, stride 131072
INFO:telethon.client.downloads:Starting direct file download in chunks of 131072 at 0, stride 131072
INFO:telethon.client.downloads:Starting direct file download in chunks of 131072 at 0, stride 131072
INFO:telethon.client.downloads:Starting direct file download in chunks of 131072 at 0, stride 131072
INFO:telethon.client.downloads:Starting direct file download in chunks of 131072 at 0, stride 131072
INFO:telethon.client.downloads:Starting direct file download in chunks of 131072 at 0, stride 131072
INFO:telethon.client.downloads:Starting direct file download in chunks of 131072 at 0, stride 131072
INFO:telethon.client.downloads:Starting direct file download in chunks of 131072 at 0, stride 131072
INFO:telethon.client.downloads:Starting direct file download in chunks of 131072 at 0, stride 131072
INFO:telethon.client.downloads:Starting direct file download in chunks of 131072 at 0, stride 131072
INFO:telethon.client.downloads:Starting direct file download in chunks of 131072 at 0, stride 131072
INFO:telethon.client.downloads:Starting direct file download in chunks of 131072 at 0, stride 131072
INFO:telethon.client.downloads:Starting direct file download in chunks of 131072 at 0, stride 131072
INFO:telethon.client.downloads:Starting direct file download in chunks of 131072 at 0, stride 131072
INFO:telethon.client.downloads:Starting direct file download in chunks of 131072 at 0, stride 131072
INFO:telethon.client.downloads:Starting direct file download in chunks of 131072 at 0, stride 131072
INFO:telethon.client.downloads:Starting direct file download in chunks of 131072 at 0, stride 131072
INFO:telethon.client.downloads:Starting direct file download in chunks of 131072 at 0, stride 131072
INFO:telethon.client.downloads:Starting direct file download in chunks of 131072 at 0, stride 131072
INFO:telethon.client.downloads:Starting direct file download in chunks of 131072 at 0, stride 131072
INFO:telethon.client.downloads:Starting direct file download in chunks of 131072 at 0, stride 131072
INFO:telethon.client.downloads:Starting direct file download in chunks of 131072 at 0, stride 131072
INFO:telethon.client.downloads:Starting direct file download in chunks of 131072 at 0, stride 131072
INFO:telethon.client.downloads:Starting direct file download in chunks of 131072 at 0, stride 131072
INFO:telethon.client.downloads:Starting direct file download in chunks of 131072 at 0, stride 131072
INFO:telethon.client.downloads:Starting direct file download in chunks of 131072 at 0, stride 131072
INFO:telethon.client.downloads:Starting direct file download in chunks of 131072 at 0, stride 131072
INFO:telethon.client.downloads:Starting direct file download in chunks of 131072 at 0, stride 131072
INFO:telethon.client.downloads:Starting direct file download in chunks of 131072 at 0, stride 131072
INFO:telethon.client.downloads:Starting direct file download in chunks of 131072 at 0, stride 131072
INFO:telethon.client.downloads:Starting direct file download in chunks of 131072 at 0, stride 131072
INFO:telethon.client.downloads:Starting direct file download in chunks of 131072 at 0, stride 131072
INFO:telethon.client.downloads:Starting direct file download in chunks of 131072 at 0, stride 131072
INFO:telethon.client.downloads:Starting direct file download in chunks of 131072 at 0, stride 131072
INFO:telethon.client.downloads:Starting direct file download in chunks of 131072 at 0, stride 131072
INFO:telethon.client.downloads:Starting direct file download in chunks of 131072 at 0, stride 131072
INFO:telethon.client.downloads:Starting direct file download in chunks of 131072 at 0, stride 131072
INFO:telethon.client.downloads:Starting direct file download in chunks of 131072 at 0, stride 131072
INFO:telethon.client.downloads:Starting direct file download in chunks of 131072 at 0, stride 131072
INFO:telethon.client.downloads:Starting direct file download in chunks of 131072 at 0, stride 131072
INFO:telethon.client.downloads:Starting direct file download in chunks of 131072 at 0, stride 131072
INFO:telethon.client.downloads:Starting direct file download in chunks of 131072 at 0, stride 131072
INFO:telethon.client.downloads:Starting direct file download in chunks of 131072 at 0, stride 131072
INFO:telethon.client.downloads:Starting direct file download in chunks of 131072 at 0, stride 131072
INFO:telethon.client.downloads:Starting direct file download in chunks of 131072 at 0, stride 131072
INFO:telethon.client.downloads:Starting direct file download in chunks of 131072 at 0, stride 131072
INFO:telethon.client.downloads:Starting direct file download in chunks of 131072 at 0, stride 131072
INFO:telethon.client.downloads:Starting direct file download in chunks of 131072 at 0, stride 131072
INFO:telethon.client.downloads:Starting direct file download in chunks of 131072 at 0, stride 131072
INFO:telethon.client.downloads:Starting direct file download in chunks of 131072 at 0, stride 131072
INFO:root:Saved 100 messages for lobelia4cosmetics
INFO:root:Scraping tikvahpharma
INFO:telethon.client.downloads:Starting direct file download in chunks of 131072 at 0, stride 131072
INFO:telethon.client.downloads:Starting direct file download in chunks of 131072 at 0, stride 131072
INFO:telethon.client.downloads:Starting direct file download in chunks of 131072 at 0, stride 131072
INFO:telethon.client.downloads:Starting direct file download in chunks of 131072 at 0, stride 131072
INFO:telethon.client.downloads:Starting direct file download in chunks of 131072 at 0, stride 131072
INFO:telethon.client.downloads:Starting direct file download in chunks of 131072 at 0, stride 131072
INFO:telethon.client.downloads:Starting direct file download in chunks of 131072 at 0, stride 131072
INFO:telethon.client.downloads:Starting direct file download in chunks of 131072 at 0, stride 131072
INFO:telethon.client.downloads:Starting direct file download in chunks of 131072 at 0, stride 131072
INFO:telethon.client.downloads:Starting direct file download in chunks of 131072 at 0, stride 131072
INFO:telethon.client.downloads:Starting direct file download in chunks of 131072 at 0, stride 131072
INFO:telethon.client.downloads:Starting direct file download in chunks of 131072 at 0, stride 131072
INFO:telethon.client.downloads:Starting direct file download in chunks of 131072 at 0, stride 131072
INFO:telethon.client.downloads:Starting direct file download in chunks of 131072 at 0, stride 131072
INFO:telethon.client.downloads:Starting direct file download in chunks of 131072 at 0, stride 131072
INFO:telethon.client.downloads:Starting direct file download in chunks of 131072 at 0, stride 131072
INFO:telethon.client.downloads:Starting direct file download in chunks of 131072 at 0, stride 131072
INFO:telethon.client.downloads:Starting direct file download in chunks of 131072 at 0, stride 131072
INFO:telethon.client.downloads:Starting direct file download in chunks of 131072 at 0, stride 131072
INFO:telethon.client.downloads:Starting direct file download in chunks of 131072 at 0, stride 131072
INFO:telethon.client.downloads:Starting direct file download in chunks of 131072 at 0, stride 131072
INFO:telethon.client.downloads:Starting direct file download in chunks of 131072 at 0, stride 131072
INFO:telethon.client.downloads:Starting direct file download in chunks of 131072 at 0, stride 131072
INFO:telethon.client.downloads:Starting direct file download in chunks of 131072 at 0, stride 131072
INFO:telethon.client.downloads:Starting direct file download in chunks of 131072 at 0, stride 131072
INFO:telethon.client.downloads:Starting direct file download in chunks of 131072 at 0, stride 131072
INFO:telethon.client.downloads:Starting direct file download in chunks of 131072 at 0, stride 131072
INFO:root:Saved 100 messages for tikvahpharma
INFO:telethon.network.mtprotosender:Disconnecting from 149.154.167.91:443/TcpFull...
INFO:telethon.network.mtprotosender:Disconnection from 149.154.167.91:443/TcpFull complete!
